Crashlog created at 2015-07-24 18:50:12 -0400

===== MESSAGE:

NoMethodError: undefined method `path' for #<Nanoc::Identifier:0x007fde5be14038>

===== COMPILATION STACK:

  - [item]   /content/welcome/02_coursetoc.md.erb (rep default)

===== STACK TRACE:

  0. /Users/pitosalas/.rbenv/versions/2.2.2/lib/ruby/gems/2.2.0/gems/nanoc-4.0.0rc2/lib/nanoc/helpers/link_to.rb:88:in `link_to_unless_current'
  1. /Users/pitosalas/.rbenv/versions/2.2.2/lib/ruby/gems/2.2.0/gems/coursegen-0.2.0/lib/coursegen/course/helpers/list_of.rb:76:in `cell_content_string'
  2. /Users/pitosalas/.rbenv/versions/2.2.2/lib/ruby/gems/2.2.0/gems/coursegen-0.2.0/lib/coursegen/course/helpers/list_of.rb:60:in `block in generate_detail_row'
  3. /Users/pitosalas/.rbenv/versions/2.2.2/lib/ruby/gems/2.2.0/gems/coursegen-0.2.0/lib/coursegen/course/helpers/list_of.rb:58:in `each'
  4. /Users/pitosalas/.rbenv/versions/2.2.2/lib/ruby/gems/2.2.0/gems/coursegen-0.2.0/lib/coursegen/course/helpers/list_of.rb:58:in `generate_detail_row'
  5. /Users/pitosalas/.rbenv/versions/2.2.2/lib/ruby/gems/2.2.0/gems/coursegen-0.2.0/lib/coursegen/course/helpers/list_of.rb:51:in `block in generate_rows'
  6. /Users/pitosalas/.rbenv/versions/2.2.2/lib/ruby/gems/2.2.0/gems/coursegen-0.2.0/lib/coursegen/course/data/data_adaptor.rb:15:in `block in rows'
  7. /Users/pitosalas/.rbenv/versions/2.2.2/lib/ruby/gems/2.2.0/gems/coursegen-0.2.0/lib/coursegen/course/data/data_adaptor.rb:14:in `rows'
  8. /Users/pitosalas/.rbenv/versions/2.2.2/lib/ruby/gems/2.2.0/gems/coursegen-0.2.0/lib/coursegen/course/helpers/list_of.rb:46:in `generate_rows'
  9. /Users/pitosalas/.rbenv/versions/2.2.2/lib/ruby/gems/2.2.0/gems/coursegen-0.2.0/lib/coursegen/course/helpers/list_of.rb:26:in `render'
  10. /Users/pitosalas/.rbenv/versions/2.2.2/lib/ruby/gems/2.2.0/gems/coursegen-0.2.0/lib/coursegen/course/helpers/list_of_helpers.rb:17:in `list_of'
  11. item /content/welcome/02_coursetoc.md.erb (rep default):2:in `get_binding'
  12. /Users/pitosalas/.rbenv/versions/2.2.2/lib/ruby/2.2.0/erb.rb:863:in `eval'
  13. /Users/pitosalas/.rbenv/versions/2.2.2/lib/ruby/2.2.0/erb.rb:863:in `result'
  14. /Users/pitosalas/.rbenv/versions/2.2.2/lib/ruby/gems/2.2.0/gems/nanoc-4.0.0rc2/lib/nanoc/filters/erb.rb:32:in `run'
  15. /Users/pitosalas/.rbenv/versions/2.2.2/lib/ruby/gems/2.2.0/gems/nanoc-4.0.0rc2/lib/nanoc/base/compilation/filter.rb:130:in `setup_and_run'
  16. /Users/pitosalas/.rbenv/versions/2.2.2/lib/ruby/gems/2.2.0/gems/nanoc-4.0.0rc2/lib/nanoc/base/services/executor.rb:36:in `filter'
  17. /Users/pitosalas/.rbenv/versions/2.2.2/lib/ruby/gems/2.2.0/gems/nanoc-4.0.0rc2/lib/nanoc/base/compilation/rule_context.rb:39:in `filter'
  18. /Volumes/MonsterHD/mydev/cosi165a-x2015/Rules:46:in `block (2 levels) in parse'
  19. /Volumes/MonsterHD/mydev/cosi165a-x2015/Rules:40:in `each'
  20. /Volumes/MonsterHD/mydev/cosi165a-x2015/Rules:40:in `block in parse'
  21. /Users/pitosalas/.rbenv/versions/2.2.2/lib/ruby/gems/2.2.0/gems/nanoc-4.0.0rc2/lib/nanoc/base/compilation/rule.rb:69:in `instance_exec'
  22. /Users/pitosalas/.rbenv/versions/2.2.2/lib/ruby/gems/2.2.0/gems/nanoc-4.0.0rc2/lib/nanoc/base/compilation/rule.rb:69:in `apply_to'
  23. /Users/pitosalas/.rbenv/versions/2.2.2/lib/ruby/gems/2.2.0/gems/nanoc-4.0.0rc2/lib/nanoc/base/compilation/compiler.rb:390:in `compile_rep'
  24. /Users/pitosalas/.rbenv/versions/2.2.2/lib/ruby/gems/2.2.0/gems/nanoc-4.0.0rc2/lib/nanoc/base/compilation/compiler.rb:343:in `block in compile_reps'
  25. /Users/pitosalas/.rbenv/versions/2.2.2/lib/ruby/gems/2.2.0/gems/nanoc-4.0.0rc2/lib/nanoc/base/compilation/compiler.rb:336:in `loop'
  26. /Users/pitosalas/.rbenv/versions/2.2.2/lib/ruby/gems/2.2.0/gems/nanoc-4.0.0rc2/lib/nanoc/base/compilation/compiler.rb:336:in `compile_reps'
  27. /Users/pitosalas/.rbenv/versions/2.2.2/lib/ruby/gems/2.2.0/gems/nanoc-4.0.0rc2/lib/nanoc/base/compilation/compiler.rb:93:in `run'
  28. /Users/pitosalas/.rbenv/versions/2.2.2/lib/ruby/gems/2.2.0/gems/nanoc-4.0.0rc2/lib/nanoc/base/source_data/site.rb:23:in `compile'
  29. /Users/pitosalas/.rbenv/versions/2.2.2/lib/ruby/gems/2.2.0/gems/nanoc-4.0.0rc2/lib/nanoc/cli/commands/compile.rb:376:in `block in run'
  30. /Users/pitosalas/.rbenv/versions/2.2.2/lib/ruby/gems/2.2.0/gems/nanoc-4.0.0rc2/lib/nanoc/cli/commands/compile.rb:418:in `run_listeners_while'
  31. /Users/pitosalas/.rbenv/versions/2.2.2/lib/ruby/gems/2.2.0/gems/nanoc-4.0.0rc2/lib/nanoc/cli/commands/compile.rb:375:in `run'
  32. /Users/pitosalas/.rbenv/versions/2.2.2/lib/ruby/gems/2.2.0/gems/nanoc-4.0.0rc2/lib/nanoc/cli/command_runner.rb:12:in `block in call'
  33. /Users/pitosalas/.rbenv/versions/2.2.2/lib/ruby/gems/2.2.0/gems/nanoc-4.0.0rc2/lib/nanoc/cli/error_handler.rb:64:in `handle_while'
  34. /Users/pitosalas/.rbenv/versions/2.2.2/lib/ruby/gems/2.2.0/gems/nanoc-4.0.0rc2/lib/nanoc/cli/error_handler.rb:22:in `handle_while'
  35. /Users/pitosalas/.rbenv/versions/2.2.2/lib/ruby/gems/2.2.0/gems/nanoc-4.0.0rc2/lib/nanoc/cli/command_runner.rb:11:in `call'
  36. /Users/pitosalas/.rbenv/versions/2.2.2/lib/ruby/gems/2.2.0/gems/cri-2.7.0/lib/cri/command_dsl.rb:233:in `block in runner'
  37. /Users/pitosalas/.rbenv/versions/2.2.2/lib/ruby/gems/2.2.0/gems/cri-2.7.0/lib/cri/command.rb:294:in `call'
  38. /Users/pitosalas/.rbenv/versions/2.2.2/lib/ruby/gems/2.2.0/gems/cri-2.7.0/lib/cri/command.rb:294:in `run_this'
  39. /Users/pitosalas/.rbenv/versions/2.2.2/lib/ruby/gems/2.2.0/gems/cri-2.7.0/lib/cri/command.rb:247:in `run'
  40. /Users/pitosalas/.rbenv/versions/2.2.2/lib/ruby/gems/2.2.0/gems/cri-2.7.0/lib/cri/command.rb:260:in `run'
  41. /Users/pitosalas/.rbenv/versions/2.2.2/lib/ruby/gems/2.2.0/gems/nanoc-4.0.0rc2/lib/nanoc/cli.rb:53:in `block in run'
  42. /Users/pitosalas/.rbenv/versions/2.2.2/lib/ruby/gems/2.2.0/gems/nanoc-4.0.0rc2/lib/nanoc/cli/error_handler.rb:64:in `handle_while'
  43. /Users/pitosalas/.rbenv/versions/2.2.2/lib/ruby/gems/2.2.0/gems/nanoc-4.0.0rc2/lib/nanoc/cli/error_handler.rb:22:in `handle_while'
  44. /Users/pitosalas/.rbenv/versions/2.2.2/lib/ruby/gems/2.2.0/gems/nanoc-4.0.0rc2/lib/nanoc/cli.rb:51:in `run'
  45. /Users/pitosalas/.rbenv/versions/2.2.2/lib/ruby/gems/2.2.0/gems/nanoc-4.0.0rc2/bin/nanoc:9:in `<top (required)>'
  46. /Users/pitosalas/.rbenv/versions/2.2.2/bin/nanoc:23:in `load'

===== VERSION INFORMATION:

Nanoc 4.0.0rc2 © 2007-2015 Denis Defreyne.
Running ruby 2.2.2 (2015-04-13) on x86_64-darwin14 with RubyGems 2.4.5.

===== SYSTEM INFORMATION:

Darwin Mac-Pro.local 14.5.0 Darwin Kernel Version 14.5.0: Thu Jul  9 22:56:16 PDT 2015; root:xnu-2782.40.6~1/RELEASE_X86_64 x86_64

===== INSTALLED GEMS:

  activesupport 4.2.3
  adsf 1.2.0
  bigdecimal 1.2.6
  bundler 1.10.5
  byebug 4.0.5
  coderay 1.1.0
  colored 1.2
  columnize 0.9.0
  coursegen 0.1.3, 0.1.4, 0.2.0
  cri 2.7.0
  diff-lcs 1.2.5
  erubis 2.7.0
  ffi 1.9.10
  formatador 0.2.5
  guard 2.12.8
  guard-compat 1.2.1
  guard-shell 0.7.1
  i18n 0.7.0
  io-console 0.4.3
  json 1.8.1, 1.8.3
  kramdown 1.8.0
  listen 3.0.2
  lumberjack 1.0.9
  method_source 0.8.2
  mini_portile 0.6.2
  minitest 5.4.3, 5.7.0
  nanoc 4.0.0rc1, 4.0.0rc2
  nenv 0.2.0
  nokogiri 1.6.6.2
  notiffany 0.0.6
  power_assert 0.2.2
  pry 0.10.1
  pry-byebug 3.1.0
  psych 2.0.8
  rack 1.6.4
  rake 10.3.2, 10.4.2
  rb-fsevent 0.9.5
  rb-inotify 0.9.5
  rdoc 4.2.0
  rspec 3.3.0
  rspec-core 3.3.1
  rspec-expectations 3.3.0
  rspec-mocks 3.3.1
  rspec-support 3.3.0
  rubytree 0.9.6
  shellany 0.0.1
  slop 3.6.0
  structured_warnings 0.2.0
  test-unit 3.0.8
  thor 0.19.1
  thread_safe 0.3.5
  tilt 2.0.1
  tzinfo 1.2.2

===== ENVIRONMENT:

Apple_PubSub_Socket_Render => "/private/tmp/com.apple.launchd.uoe3xUsxh9/Render"
COLORFGBG => "0;15"
COMMAND_MODE => "unix2003"
DISPLAY => "/private/tmp/com.apple.launchd.ulbmIn2h1x/org.macosforge.xquartz:0"
EDITOR => "subl -w"
GEM_EDITOR => "subl"
HOME => "/Users/pitosalas"
ITERM_PROFILE => "Default"
ITERM_SESSION_ID => "w0t2p0"
LANG => "en_US.UTF-8"
LOGNAME => "pitosalas"
PATH => "/Users/pitosalas/.rbenv/versions/2.2.2/bin:/usr/local/Cellar/rbenv/0.4.0/libexec:/usr/local/heroku/bin:/Users/pitosalas/.rbenv/shims:/usr/local/bin:/usr/bin:/bin:/usr/local/sbin:/usr/sbin:/sbin:/usr/X11/bin:/Users/pitosalas/bin"
PROMPT_COMMAND => "echo -ne \"\\033];${PWD##*/}\\007\"; :"
PWD => "/Volumes/MonsterHD/mydev/cosi165a-x2015"
RBENV_DIR => "/Volumes/MonsterHD/mydev/cosi165a-x2015"
RBENV_HOOK_PATH => ":/Users/pitosalas/.rbenv/rbenv.d:/usr/local/etc/rbenv.d:/etc/rbenv.d:/usr/lib/rbenv/hooks"
RBENV_ROOT => "/Users/pitosalas/.rbenv"
RBENV_VERSION => "2.2.2"
SECURITYSESSIONID => "186a5"
SHELL => "/bin/bash"
SHLVL => "1"
SSH_AUTH_SOCK => "/private/tmp/com.apple.launchd.WnqXtWQvcf/Listeners"
TERM => "xterm-256color"
TERM_PROGRAM => "iTerm.app"
TMPDIR => "/var/folders/6m/_lcczn1s51x623pwfg7xvhxm0000gn/T/"
USER => "pitosalas"
XPC_FLAGS => "0x0"
XPC_SERVICE_NAME => "0"
__CF_USER_TEXT_ENCODING => "0x1F5:0x0:0x0"

===== LOAD PATHS:

  0. /Users/pitosalas/.rbenv/versions/2.2.2/lib/ruby/gems/2.2.0/gems/colored-1.2/lib
  1. /Users/pitosalas/.rbenv/versions/2.2.2/lib/ruby/gems/2.2.0/gems/cri-2.7.0/lib
  2. /Users/pitosalas/.rbenv/versions/2.2.2/lib/ruby/gems/2.2.0/gems/nanoc-4.0.0rc2/lib
  3. /Users/pitosalas/.rbenv/versions/2.2.2/lib/ruby/gems/2.2.0/gems/thor-0.19.1/lib
  4. /Users/pitosalas/.rbenv/versions/2.2.2/lib/ruby/gems/2.2.0/gems/structured_warnings-0.2.0/lib
  5. /Users/pitosalas/.rbenv/versions/2.2.2/lib/ruby/gems/2.2.0/gems/rubytree-0.9.6/lib
  6. /Users/pitosalas/.rbenv/versions/2.2.2/lib/ruby/gems/2.2.0/gems/coderay-1.1.0/lib
  7. /Users/pitosalas/.rbenv/versions/2.2.2/lib/ruby/gems/2.2.0/gems/slop-3.6.0/lib
  8. /Users/pitosalas/.rbenv/versions/2.2.2/lib/ruby/gems/2.2.0/gems/method_source-0.8.2/lib
  9. /Users/pitosalas/.rbenv/versions/2.2.2/lib/ruby/gems/2.2.0/gems/pry-0.10.1/lib
  10. /Users/pitosalas/.rbenv/versions/2.2.2/lib/ruby/gems/2.2.0/gems/columnize-0.9.0/lib
  11. /Users/pitosalas/.rbenv/versions/2.2.2/lib/ruby/gems/2.2.0/extensions/x86_64-darwin-14/2.2.0-static/byebug-4.0.5
  12. /Users/pitosalas/.rbenv/versions/2.2.2/lib/ruby/gems/2.2.0/gems/byebug-4.0.5/lib
  13. /Users/pitosalas/.rbenv/versions/2.2.2/lib/ruby/gems/2.2.0/gems/pry-byebug-3.1.0/lib
  14. /Users/pitosalas/.rbenv/versions/2.2.2/lib/ruby/gems/2.2.0/gems/mini_portile-0.6.2/lib
  15. /Users/pitosalas/.rbenv/versions/2.2.2/lib/ruby/gems/2.2.0/extensions/x86_64-darwin-14/2.2.0-static/nokogiri-1.6.6.2
  16. /Users/pitosalas/.rbenv/versions/2.2.2/lib/ruby/gems/2.2.0/gems/nokogiri-1.6.6.2/lib
  17. /Users/pitosalas/.rbenv/versions/2.2.2/lib/ruby/gems/2.2.0/gems/i18n-0.7.0/lib
  18. /Users/pitosalas/.rbenv/versions/2.2.2/lib/ruby/gems/2.2.0/gems/thread_safe-0.3.5/lib
  19. /Users/pitosalas/.rbenv/versions/2.2.2/lib/ruby/gems/2.2.0/gems/tzinfo-1.2.2/lib
  20. /Users/pitosalas/.rbenv/versions/2.2.2/lib/ruby/gems/2.2.0/gems/activesupport-4.2.3/lib
  21. /Users/pitosalas/.rbenv/versions/2.2.2/lib/ruby/gems/2.2.0/gems/kramdown-1.8.0/lib
  22. /Users/pitosalas/.rbenv/versions/2.2.2/lib/ruby/gems/2.2.0/gems/rack-1.6.4/lib
  23. /Users/pitosalas/.rbenv/versions/2.2.2/lib/ruby/gems/2.2.0/gems/adsf-1.2.0/lib
  24. /Users/pitosalas/.rbenv/versions/2.2.2/lib/ruby/gems/2.2.0/gems/rb-fsevent-0.9.5/lib
  25. /Users/pitosalas/.rbenv/versions/2.2.2/lib/ruby/gems/2.2.0/extensions/x86_64-darwin-14/2.2.0-static/ffi-1.9.10
  26. /Users/pitosalas/.rbenv/versions/2.2.2/lib/ruby/gems/2.2.0/gems/ffi-1.9.10/lib
  27. /Users/pitosalas/.rbenv/versions/2.2.2/lib/ruby/gems/2.2.0/gems/rb-inotify-0.9.5/lib
  28. /Users/pitosalas/.rbenv/versions/2.2.2/lib/ruby/gems/2.2.0/gems/listen-3.0.2/lib
  29. /Users/pitosalas/.rbenv/versions/2.2.2/lib/ruby/gems/2.2.0/gems/lumberjack-1.0.9/lib
  30. /Users/pitosalas/.rbenv/versions/2.2.2/lib/ruby/gems/2.2.0/gems/formatador-0.2.5/lib
  31. /Users/pitosalas/.rbenv/versions/2.2.2/lib/ruby/gems/2.2.0/gems/nenv-0.2.0/lib
  32. /Users/pitosalas/.rbenv/versions/2.2.2/lib/ruby/gems/2.2.0/gems/shellany-0.0.1/lib
  33. /Users/pitosalas/.rbenv/versions/2.2.2/lib/ruby/gems/2.2.0/gems/notiffany-0.0.6/lib
  34. /Users/pitosalas/.rbenv/versions/2.2.2/lib/ruby/gems/2.2.0/gems/guard-2.12.8/lib
  35. /Users/pitosalas/.rbenv/versions/2.2.2/lib/ruby/gems/2.2.0/gems/guard-compat-1.2.1/lib
  36. /Users/pitosalas/.rbenv/versions/2.2.2/lib/ruby/gems/2.2.0/gems/guard-shell-0.7.1/lib
  37. /Users/pitosalas/.rbenv/versions/2.2.2/lib/ruby/gems/2.2.0/gems/coursegen-0.2.0/lib
  38. /Users/pitosalas/.rbenv/versions/2.2.2/lib/ruby/gems/2.2.0/extensions/x86_64-darwin-14/2.2.0-static/json-1.8.3
  39. /Users/pitosalas/.rbenv/versions/2.2.2/lib/ruby/gems/2.2.0/gems/json-1.8.3/lib
  40. /Users/pitosalas/.rbenv/versions/2.2.2/lib/ruby/site_ruby/2.2.0
  41. /Users/pitosalas/.rbenv/versions/2.2.2/lib/ruby/site_ruby/2.2.0/x86_64-darwin14
  42. /Users/pitosalas/.rbenv/versions/2.2.2/lib/ruby/site_ruby
  43. /Users/pitosalas/.rbenv/versions/2.2.2/lib/ruby/vendor_ruby/2.2.0
  44. /Users/pitosalas/.rbenv/versions/2.2.2/lib/ruby/vendor_ruby/2.2.0/x86_64-darwin14
  45. /Users/pitosalas/.rbenv/versions/2.2.2/lib/ruby/vendor_ruby
  46. /Users/pitosalas/.rbenv/versions/2.2.2/lib/ruby/2.2.0
  47. /Users/pitosalas/.rbenv/versions/2.2.2/lib/ruby/2.2.0/x86_64-darwin14
